2024-10-09 21:23:43,381 [INFO] Activator:176 - 


2024-10-09 21:23:43,383 [INFO] Activator:177 - !SESSION log4j initialized
2024-10-09 21:23:47,397 [INFO] LogOutputStream:77 - [STDOUT_REDIRECT] 
2024-10-09 21:24:18,583 [INFO] ApplicationProperties:184 - Using Application install path: C:\ST\STM32CubeIDE_1.16.0\STM32CubeIDE\plugins\com.st.stm32cube.common.mx_6.12.0.202406281431
2024-10-09 21:24:18,634 [INFO] DbMcusXml:78 - Set database path to: C:\ST\STM32CubeIDE_1.16.0\STM32CubeIDE\plugins\com.st.stm32cube.common.mx_6.12.0.202406281431\\db\/mcu/
2024-10-09 21:24:18,637 [INFO] ApiDb:274 - Set plugin database path to: C:\ST\STM32CubeIDE_1.16.0\STM32CubeIDE\plugins\com.st.stm32cube.common.mx_6.12.0.202406281431\\db\/plugins/boardmanager/
2024-10-09 21:24:18,638 [WARN] ApiDb:259 - Overriding images path with different value:  => C:\ST\STM32CubeIDE_1.16.0\STM32CubeIDE\plugins\com.st.stm32cube.common.mx_6.12.0.202406281431\\db\/plugins/mcufinder/images/
2024-10-09 21:24:18,665 [INFO] ApiDb:250 - Set database path to: C:\Users\MSI-PC\.stmcufinder\plugins\mcufinder//mcu/
2024-10-09 21:24:18,669 [INFO] DbMcusAds:125 - Set database path to: C:\Users\MSI-PC\.stmcufinder\plugins\mcufinder//mcu/
2024-10-09 21:24:18,698 [INFO] CrossReferenceDbSqlite:203 - Set database path to: C:\Users\MSI-PC\.stmcufinder\plugins\mcufinder//mcu/cs/
2024-10-09 21:24:19,189 [INFO] RulesReader:64 - Compatibility file has been processed (297 Rules)
2024-10-09 21:24:19,540 [INFO] DbMcusXml:78 - Set database path to: C:\ST\STM32CubeIDE_1.16.0\STM32CubeIDE\plugins\com.st.stm32cube.common.mx_6.12.0.202406281431\\db\/mcu/
2024-10-09 21:24:19,540 [INFO] ApiDb:274 - Set plugin database path to: C:\ST\STM32CubeIDE_1.16.0\STM32CubeIDE\plugins\com.st.stm32cube.common.mx_6.12.0.202406281431\\db\/plugins/boardmanager/
2024-10-09 21:24:19,541 [INFO] ApiDb:261 - Set plugin images path to: C:\ST\STM32CubeIDE_1.16.0\STM32CubeIDE\plugins\com.st.stm32cube.common.mx_6.12.0.202406281431\\db\/plugins/mcufinder/images/
2024-10-09 21:24:19,542 [WARN] DbFile:41 - Overriding database path with different value: C:\Users\MSI-PC\.stmcufinder\plugins\mcufinder/ => C:\Users\MSI-PC\.stmcufinder\plugins\mcufinder
2024-10-09 21:24:19,543 [INFO] ApiDb:250 - Set database path to: C:\Users\MSI-PC\.stmcufinder\plugins\mcufinder//mcu/
2024-10-09 21:24:19,543 [WARN] DbFile:41 - Overriding database path with different value: C:\Users\MSI-PC\.stmcufinder\plugins\mcufinder/ => C:\Users\MSI-PC\.stmcufinder\plugins\mcufinder
2024-10-09 21:24:19,543 [INFO] DbMcusAds:125 - Set database path to: C:\Users\MSI-PC\.stmcufinder\plugins\mcufinder//mcu/
2024-10-09 21:24:19,544 [WARN] DbFile:41 - Overriding database path with different value: C:\Users\MSI-PC\.stmcufinder\plugins\mcufinder/ => C:\Users\MSI-PC\.stmcufinder\plugins\mcufinder
2024-10-09 21:24:19,544 [WARN] DbFile:41 - Overriding database path with different value: C:\Users\MSI-PC\.stmcufinder\plugins\mcufinder/ => C:\Users\MSI-PC\.stmcufinder\plugins\mcufinder
2024-10-09 21:24:19,565 [INFO] CrossReferenceDbSqlite:203 - Set database path to: C:\Users\MSI-PC\.stmcufinder\plugins\mcufinder//mcu/cs/
2024-10-09 21:24:19,859 [INFO] MainPanel:268 - HeapMemory: 268435456
2024-10-09 21:24:20,244 [INFO] DbMcusXml:78 - Set database path to: C:\ST\STM32CubeIDE_1.16.0\STM32CubeIDE\plugins\com.st.stm32cube.common.mx_6.12.0.202406281431\\db\/mcu/
2024-10-09 21:24:20,245 [INFO] ApiDb:274 - Set plugin database path to: C:\ST\STM32CubeIDE_1.16.0\STM32CubeIDE\plugins\com.st.stm32cube.common.mx_6.12.0.202406281431\\db\/plugins/boardmanager/
2024-10-09 21:24:20,245 [INFO] ApiDb:261 - Set plugin images path to: C:\ST\STM32CubeIDE_1.16.0\STM32CubeIDE\plugins\com.st.stm32cube.common.mx_6.12.0.202406281431\\db\/plugins/mcufinder/images/
2024-10-09 21:24:20,247 [WARN] DbFile:41 - Overriding database path with different value: C:\Users\MSI-PC\.stmcufinder\plugins\mcufinder/ => C:\Users\MSI-PC\.stmcufinder\plugins\mcufinder
2024-10-09 21:24:20,247 [INFO] ApiDb:250 - Set database path to: C:\Users\MSI-PC\.stmcufinder\plugins\mcufinder//mcu/
2024-10-09 21:24:20,248 [WARN] DbFile:41 - Overriding database path with different value: C:\Users\MSI-PC\.stmcufinder\plugins\mcufinder/ => C:\Users\MSI-PC\.stmcufinder\plugins\mcufinder
2024-10-09 21:24:20,249 [INFO] DbMcusAds:125 - Set database path to: C:\Users\MSI-PC\.stmcufinder\plugins\mcufinder//mcu/
2024-10-09 21:24:20,249 [WARN] DbFile:41 - Overriding database path with different value: C:\Users\MSI-PC\.stmcufinder\plugins\mcufinder/ => C:\Users\MSI-PC\.stmcufinder\plugins\mcufinder
2024-10-09 21:24:20,250 [WARN] DbFile:41 - Overriding database path with different value: C:\Users\MSI-PC\.stmcufinder\plugins\mcufinder/ => C:\Users\MSI-PC\.stmcufinder\plugins\mcufinder
2024-10-09 21:24:21,151 [INFO] CrossReferenceDbSqlite:203 - Set database path to: C:\Users\MSI-PC\.stmcufinder\plugins\mcufinder//mcu/cs/
2024-10-09 21:24:21,209 [INFO] ApplicationProperties:184 - Using Application install path: C:\ST\STM32CubeIDE_1.16.0\STM32CubeIDE\plugins\com.st.stm32cube.common.mx_6.12.0.202406281431
2024-10-09 21:24:21,215 [INFO] PluginManage:196 - Search for loadable plugins [exclusion list=, ]
2024-10-09 21:24:21,221 [INFO] PluginManage:310 - Check plugin analytics
2024-10-09 21:24:21,963 [INFO] AnalyticsPlugin:253 - Accepted Software Licenses: 
2024-10-09 21:24:21,964 [INFO] AnalyticsPlugin:255 - Accepted CMSIS Pack Licenses: 
2024-10-09 21:24:21,965 [INFO] AnalyticsPlugin:257 - Accepted Firmware Licenses: FW.F4.1.28.0
2024-10-09 21:24:21,973 [INFO] PluginManage:359 - Loaded plugin analytics (category:tool,tabindex:-1)
2024-10-09 21:24:21,973 [INFO] PluginManage:310 - Check plugin cadmodel
2024-10-09 21:24:21,988 [INFO] CADModel:105 - Init CAD model plugin
2024-10-09 21:24:21,988 [INFO] PluginManage:359 - Loaded plugin cadmodel (category:power,tabindex:5)
2024-10-09 21:24:21,989 [INFO] PluginManage:310 - Check plugin clock
2024-10-09 21:24:22,019 [INFO] PluginManage:359 - Loaded plugin clock (category:base,tabindex:2)
2024-10-09 21:24:22,020 [INFO] PluginManage:310 - Check plugin ddr
2024-10-09 21:24:22,027 [INFO] PluginManage:359 - Loaded plugin ddr (category:tool,tabindex:6)
2024-10-09 21:24:22,028 [INFO] PluginManage:310 - Check plugin filemanager
2024-10-09 21:24:22,550 [INFO] PluginManage:359 - Loaded plugin filemanager (category:base,tabindex:10)
2024-10-09 21:24:22,550 [INFO] PluginManage:310 - Check plugin ipmanager
2024-10-09 21:24:22,570 [INFO] PluginManage:359 - Loaded plugin ipmanager (category:base,tabindex:5)
2024-10-09 21:24:22,571 [INFO] PluginManage:310 - Check plugin lpbam
2024-10-09 21:24:22,596 [INFO] PluginManage:359 - Loaded plugin lpbam (category:base,tabindex:0)
2024-10-09 21:24:22,596 [INFO] PluginManage:310 - Check plugin memorymap
2024-10-09 21:24:22,647 [INFO] PluginManage:359 - Loaded plugin memorymap (category:base,tabindex:4)
2024-10-09 21:24:22,647 [INFO] PluginManage:310 - Check plugin pinoutandconfiguration
2024-10-09 21:24:22,680 [INFO] PluginManage:359 - Loaded plugin pinoutandconfiguration (category:base,tabindex:1)
2024-10-09 21:24:22,680 [INFO] PluginManage:310 - Check plugin pinoutconfig
2024-10-09 21:24:23,039 [WARN] SupportedApi:132 - Cannot load RTOS API schema: s4s-elt-must-match.1: The content of 'definitions' must match (annotation?, (simpleType | complexType)?, (unique | key | keyref)*)). A problem was found starting at: attribute.
2024-10-09 21:24:23,553 [INFO] PluginManage:359 - Loaded plugin pinoutconfig (category:base,tabindex:0)
2024-10-09 21:24:23,554 [INFO] PluginManage:310 - Check plugin power
2024-10-09 21:24:23,580 [INFO] PluginManage:359 - Loaded plugin power (category:power,tabindex:4)
2024-10-09 21:24:23,581 [INFO] PluginManage:310 - Check plugin projectmanager
2024-10-09 21:24:23,634 [INFO] PluginManage:359 - Loaded plugin projectmanager (category:projectmanager,tabindex:4)
2024-10-09 21:24:23,634 [INFO] PluginManage:310 - Check plugin rif
2024-10-09 21:24:23,649 [INFO] PluginManage:359 - Loaded plugin rif (category:base,tabindex:3)
2024-10-09 21:24:23,649 [INFO] PluginManage:310 - Check plugin thirdparty
2024-10-09 21:24:24,043 [INFO] PluginManage:359 - Loaded plugin thirdparty (category:base,tabindex:-1)
2024-10-09 21:24:24,043 [WARN] IntegrityCheckThread:84 - waiting for thirdparty lock release [integrity check]
2024-10-09 21:24:24,044 [INFO] PluginManage:310 - Check plugin tools
2024-10-09 21:24:24,044 [INFO] IntegrityCheckThread:86 - entering critical section [integrity check]
2024-10-09 21:24:24,046 [INFO] ThirdPartyUpdaterWithRetryManager:70 - Updater plugin not ready yet. [1/15]
2024-10-09 21:24:24,053 [INFO] PluginManage:359 - Loaded plugin tools (category:base,tabindex:7)
2024-10-09 21:24:24,053 [INFO] PluginManage:310 - Check plugin tutovideos
2024-10-09 21:24:24,686 [INFO] PluginManage:359 - Loaded plugin tutovideos (category:base,tabindex:-1)
2024-10-09 21:24:24,686 [INFO] PluginManage:310 - Check plugin updater
2024-10-09 21:24:24,736 [INFO] PluginManage:359 - Loaded plugin updater (category:base,tabindex:12)
2024-10-09 21:24:24,737 [INFO] PluginManage:310 - Check plugin userauth
2024-10-09 21:24:24,752 [INFO] UserAuth:113 - Init User Auth plugin
2024-10-09 21:24:24,752 [INFO] PluginManage:359 - Loaded plugin userauth (category:base,tabindex:14)
2024-10-09 21:24:24,753 [INFO] PluginManage:283 - PluginManage : Loaded plugins [18]
2024-10-09 21:24:25,577 [INFO] PinOutPanel:1561 - setPackage(No Configuration,No Configuration)
2024-10-09 21:24:25,911 [INFO] CADModel:165 - CPN selected for project level
2024-10-09 21:24:25,911 [INFO] CADModel:114 - Register for checkConnection events
2024-10-09 21:24:25,953 [INFO] IPUIPlugin:80 - create IPUIPlugin
2024-10-09 21:24:25,954 [INFO] PluginManager:220 - loadIPPluginJar : add adc
2024-10-09 21:24:25,960 [INFO] IPUIPlugin:80 - create IPUIPlugin
2024-10-09 21:24:25,961 [INFO] PluginManager:220 - loadIPPluginJar : add aes
2024-10-09 21:24:25,970 [INFO] IPUIPlugin:80 - create IPUIPlugin
2024-10-09 21:24:25,970 [INFO] PluginManager:220 - loadIPPluginJar : add can
2024-10-09 21:24:25,976 [INFO] IPUIPlugin:80 - create IPUIPlugin
2024-10-09 21:24:25,976 [INFO] PluginManager:220 - loadIPPluginJar : add comp
2024-10-09 21:24:25,983 [INFO] IPUIPlugin:80 - create IPUIPlugin
2024-10-09 21:24:25,984 [INFO] PluginManager:220 - loadIPPluginJar : add cryp
2024-10-09 21:24:25,997 [INFO] IPUIPlugin:80 - create IPUIPlugin
2024-10-09 21:24:25,998 [INFO] PluginManager:220 - loadIPPluginJar : add ddr_ctrl_phy
2024-10-09 21:24:26,007 [INFO] IPUIPlugin:80 - create IPUIPlugin
2024-10-09 21:24:26,007 [INFO] PluginManager:220 - loadIPPluginJar : add dfsdm
2024-10-09 21:24:26,019 [INFO] IPUIPlugin:80 - create IPUIPlugin
2024-10-09 21:24:26,020 [INFO] PluginManager:220 - loadIPPluginJar : add dma
2024-10-09 21:24:26,027 [INFO] IPUIPlugin:80 - create IPUIPlugin
2024-10-09 21:24:26,027 [INFO] PluginManager:220 - loadIPPluginJar : add dma3
2024-10-09 21:24:26,033 [INFO] IPUIPlugin:80 - create IPUIPlugin
2024-10-09 21:24:26,033 [INFO] PluginManager:220 - loadIPPluginJar : add extmemmanager
2024-10-09 21:24:26,036 [INFO] IPUIPlugin:80 - create IPUIPlugin
2024-10-09 21:24:26,036 [INFO] PluginManager:220 - loadIPPluginJar : add fatfs
2024-10-09 21:24:26,048 [INFO] IPUIPlugin:80 - create IPUIPlugin
2024-10-09 21:24:26,048 [INFO] PluginManager:220 - loadIPPluginJar : add fmc
2024-10-09 21:24:26,066 [INFO] IPUIPlugin:80 - create IPUIPlugin
2024-10-09 21:24:26,066 [INFO] PluginManager:220 - loadIPPluginJar : add freertos
2024-10-09 21:24:26,070 [INFO] IPUIPlugin:80 - create IPUIPlugin
2024-10-09 21:24:26,070 [INFO] PluginManager:220 - loadIPPluginJar : add genericplugin
2024-10-09 21:24:26,074 [INFO] IPUIPlugin:80 - create IPUIPlugin
2024-10-09 21:24:26,075 [INFO] PluginManager:220 - loadIPPluginJar : add gfxmmu
2024-10-09 21:24:26,092 [INFO] IPUIPlugin:80 - create IPUIPlugin
2024-10-09 21:24:26,092 [INFO] PluginManager:220 - loadIPPluginJar : add gic
2024-10-09 21:24:26,105 [INFO] IPUIPlugin:80 - create IPUIPlugin
2024-10-09 21:24:26,105 [INFO] PluginManager:220 - loadIPPluginJar : add gpio
2024-10-09 21:24:26,114 [INFO] IPUIPlugin:80 - create IPUIPlugin
2024-10-09 21:24:26,115 [INFO] PluginManager:220 - loadIPPluginJar : add gtzc
2024-10-09 21:24:26,121 [INFO] IPUIPlugin:80 - create IPUIPlugin
2024-10-09 21:24:26,121 [INFO] PluginManager:220 - loadIPPluginJar : add hash
2024-10-09 21:24:26,130 [INFO] IPUIPlugin:80 - create IPUIPlugin
2024-10-09 21:24:26,131 [INFO] PluginManager:220 - loadIPPluginJar : add i2c
2024-10-09 21:24:26,138 [INFO] IPUIPlugin:80 - create IPUIPlugin
2024-10-09 21:24:26,139 [INFO] PluginManager:220 - loadIPPluginJar : add i2s
2024-10-09 21:24:26,147 [INFO] IPUIPlugin:80 - create IPUIPlugin
2024-10-09 21:24:26,147 [INFO] PluginManager:220 - loadIPPluginJar : add i3c
2024-10-09 21:24:26,155 [INFO] IPUIPlugin:80 - create IPUIPlugin
2024-10-09 21:24:26,156 [INFO] PluginManager:220 - loadIPPluginJar : add ipddr
2024-10-09 21:24:26,176 [INFO] IPUIPlugin:80 - create IPUIPlugin
2024-10-09 21:24:26,177 [INFO] PluginManager:220 - loadIPPluginJar : add linkedlist
2024-10-09 21:24:26,185 [INFO] IPUIPlugin:80 - create IPUIPlugin
2024-10-09 21:24:26,185 [INFO] PluginManager:220 - loadIPPluginJar : add lorawan
2024-10-09 21:24:26,190 [INFO] IPUIPlugin:80 - create IPUIPlugin
2024-10-09 21:24:26,191 [INFO] PluginManager:220 - loadIPPluginJar : add ltdc
2024-10-09 21:24:26,219 [INFO] IPUIPlugin:80 - create IPUIPlugin
2024-10-09 21:24:26,219 [INFO] PluginManager:220 - loadIPPluginJar : add mdma
2024-10-09 21:24:26,228 [INFO] IPUIPlugin:80 - create IPUIPlugin
2024-10-09 21:24:26,228 [INFO] PluginManager:220 - loadIPPluginJar : add nvic
2024-10-09 21:24:26,234 [INFO] IPUIPlugin:80 - create IPUIPlugin
2024-10-09 21:24:26,234 [INFO] PluginManager:220 - loadIPPluginJar : add opamp
2024-10-09 21:24:26,240 [INFO] IPUIPlugin:80 - create IPUIPlugin
2024-10-09 21:24:26,240 [INFO] PluginManager:220 - loadIPPluginJar : add openamp
2024-10-09 21:24:26,247 [INFO] IPUIPlugin:80 - create IPUIPlugin
2024-10-09 21:24:26,247 [INFO] PluginManager:220 - loadIPPluginJar : add pdm2pcm
2024-10-09 21:24:26,263 [INFO] IPUIPlugin:80 - create IPUIPlugin
2024-10-09 21:24:26,274 [INFO] PluginManager:220 - loadIPPluginJar : add plateformsettings
2024-10-09 21:24:26,280 [INFO] IPUIPlugin:80 - create IPUIPlugin
2024-10-09 21:24:26,280 [INFO] PluginManager:220 - loadIPPluginJar : add quadspi
2024-10-09 21:24:26,289 [INFO] IPUIPlugin:80 - create IPUIPlugin
2024-10-09 21:24:26,292 [INFO] PluginManager:220 - loadIPPluginJar : add radio
2024-10-09 21:24:26,307 [INFO] IPUIPlugin:80 - create IPUIPlugin
2024-10-09 21:24:26,307 [INFO] PluginManager:220 - loadIPPluginJar : add resmgrutility
2024-10-09 21:24:26,317 [INFO] IPUIPlugin:80 - create IPUIPlugin
2024-10-09 21:24:26,317 [INFO] PluginManager:220 - loadIPPluginJar : add sai
2024-10-09 21:24:26,326 [INFO] IPUIPlugin:80 - create IPUIPlugin
2024-10-09 21:24:26,326 [INFO] PluginManager:220 - loadIPPluginJar : add spi
2024-10-09 21:24:26,340 [INFO] IPUIPlugin:80 - create IPUIPlugin
2024-10-09 21:24:26,340 [INFO] PluginManager:220 - loadIPPluginJar : add stm32_wpan
2024-10-09 21:24:26,346 [INFO] IPUIPlugin:80 - create IPUIPlugin
2024-10-09 21:24:26,346 [INFO] PluginManager:220 - loadIPPluginJar : add tim
2024-10-09 21:24:26,353 [INFO] IPUIPlugin:80 - create IPUIPlugin
2024-10-09 21:24:26,354 [INFO] PluginManager:220 - loadIPPluginJar : add touchsensing
2024-10-09 21:24:26,360 [INFO] IPUIPlugin:80 - create IPUIPlugin
2024-10-09 21:24:26,360 [INFO] PluginManager:220 - loadIPPluginJar : add tracer_emb
2024-10-09 21:24:26,366 [INFO] IPUIPlugin:80 - create IPUIPlugin
2024-10-09 21:24:26,366 [INFO] PluginManager:220 - loadIPPluginJar : add ts
2024-10-09 21:24:26,371 [INFO] IPUIPlugin:80 - create IPUIPlugin
2024-10-09 21:24:26,371 [INFO] PluginManager:220 - loadIPPluginJar : add tsc
2024-10-09 21:24:26,379 [INFO] IPUIPlugin:80 - create IPUIPlugin
2024-10-09 21:24:26,379 [INFO] PluginManager:220 - loadIPPluginJar : add ucpd
2024-10-09 21:24:26,387 [INFO] IPUIPlugin:80 - create IPUIPlugin
2024-10-09 21:24:26,388 [INFO] PluginManager:220 - loadIPPluginJar : add usart
2024-10-09 21:24:26,397 [INFO] IPUIPlugin:80 - create IPUIPlugin
2024-10-09 21:24:26,398 [INFO] PluginManager:220 - loadIPPluginJar : add usbx
2024-10-09 21:24:26,633 [INFO] CADModel:165 - CPN selected for project level
2024-10-09 21:24:26,634 [INFO] CADModel:114 - Register for checkConnection events
2024-10-09 21:24:26,635 [FATAL] Updater:334 - Updater called before beeing initialized
2024-10-09 21:24:26,635 [ERROR] CADModel:125 - Updater not yet initialized, retry later 
2024-10-09 21:24:27,005 [INFO] CADModel:165 - CPN selected for project level
2024-10-09 21:24:27,005 [INFO] CADModel:114 - Register for checkConnection events
2024-10-09 21:24:27,005 [FATAL] Updater:334 - Updater called before beeing initialized
2024-10-09 21:24:27,006 [ERROR] CADModel:125 - Updater not yet initialized, retry later 
2024-10-09 21:24:27,016 [FATAL] Updater:334 - Updater called before beeing initialized
2024-10-09 21:24:27,047 [INFO] ThirdPartyUpdaterWithRetryManager:70 - Updater plugin not ready yet. [2/15]
2024-10-09 21:24:27,311 [FATAL] Updater:334 - Updater called before beeing initialized
2024-10-09 21:24:27,324 [INFO] DbMcusAds:53 - JSON generation date=Fri Sep 20 20:04:23 ICT 2024 (1726837463113)
2024-10-09 21:24:27,325 [FATAL] Updater:334 - Updater called before beeing initialized
2024-10-09 21:24:27,429 [WARN] DetailPanel:346 - Failed to get advertising image, set to default
2024-10-09 21:24:27,881 [FATAL] Updater:334 - Updater called before beeing initialized
2024-10-09 21:24:27,894 [FATAL] Updater:334 - Updater called before beeing initialized
2024-10-09 21:24:27,895 [FATAL] Updater:334 - Updater called before beeing initialized
2024-10-09 21:24:27,895 [WARN] DetailPanel:346 - Failed to get advertising image, set to default
2024-10-09 21:24:27,900 [FATAL] Updater:334 - Updater called before beeing initialized
2024-10-09 21:24:28,089 [ERROR] Updater:1164 - MainUpdater not yet initialized. External WinMGr cannot be set.
2024-10-09 21:24:28,097 [INFO] Updater:1100 - Updater Version found : 6.12.0
2024-10-09 21:24:28,148 [INFO] ApplicationProperties:184 - Using Application install path: C:\ST\STM32CubeIDE_1.16.0\STM32CubeIDE\plugins\com.st.stm32cube.common.mx_6.12.0.202406281431
2024-10-09 21:24:29,806 [ERROR] LogOutputStream:75 - [STDERR_REDIRECT] Oct 09, 2024 9:24:29 PM java.util.prefs.WindowsPreferences <init>
2024-10-09 21:24:29,811 [ERROR] LogOutputStream:75 - [STDERR_REDIRECT] WARNING: Could not open/create prefs root node Software\JavaSoft\Prefs at root 0xffffffff80000002. Windows RegCreateKeyEx(...) returned error code 5.
2024-10-09 21:24:29,812 [ERROR] LogOutputStream:75 - [STDERR_REDIRECT] 
2024-10-09 21:24:30,048 [FATAL] Updater:334 - Updater called before beeing initialized
2024-10-09 21:24:30,049 [ERROR] IntegrityCheckThread:130 - Cannot retrieve database content from updater: error 21
2024-10-09 21:24:30,050 [INFO] ThirdParty:978 - Integrity check success = false
2024-10-09 21:24:30,050 [INFO] IntegrityCheckThread:100 - exiting critical section [integrity check]
2024-10-09 21:24:30,050 [INFO] IntegrityCheckThread:103 - End integrity checks thread
2024-10-09 21:24:30,906 [INFO] MainUpdater:2873 - connection check result : 10
2024-10-09 21:24:30,908 [INFO] MainUpdater:290 - Updater Check For Update Now.
2024-10-09 21:24:30,908 [INFO] MicroXplorer:498 - Change Database Version : DB.6.0.120
2024-10-09 21:24:30,927 [INFO] McuFinderGlobals:63 - Set McuFinder mode to 2 (CubeIDE integrated)
2024-10-09 21:24:30,928 [INFO] UserAuth:417 - Internet connection configuration mode: 1
2024-10-09 21:24:30,991 [INFO] JxBrowserEngine:152 - Initiate JxBrowser Engine with user profile folder
2024-10-09 21:24:31,235 [INFO] CheckServerUpdateThread:120 - End of CheckServer Thread
2024-10-09 21:24:33,899 [INFO] WebApp:167 - Instantiating new browser for Auth
2024-10-09 21:24:38,593 [INFO] WebApp:448 - Apply proxy settings
2024-10-09 21:24:38,595 [INFO] WebApp:533 - Chromium requires no authentication
2024-10-09 21:24:38,640 [INFO] WebApp:476 - Direct internet connection detected
2024-10-09 21:24:38,763 [INFO] WebApp:869 - Register for checkConnection events
2024-10-09 21:24:38,763 [INFO] WebApp:448 - Apply proxy settings
2024-10-09 21:24:38,764 [INFO] WebApp:533 - Chromium requires no authentication
2024-10-09 21:24:38,766 [INFO] WebApp:476 - Direct internet connection detected
2024-10-09 21:24:40,006 [INFO] WebApp:220 - Starting web application
2024-10-09 21:24:40,007 [INFO] WebApp:578 - Web application path used C:\ST\STM32CubeIDE_1.16.0\STM32CubeIDE\plugins\com.st.stm32cube.common.mx_6.12.0.202406281431\db\plugins\mcufinder\reactClient1\index.html
2024-10-09 21:24:40,559 [INFO] UserAuth:417 - Internet connection configuration mode: 1
2024-10-09 21:24:43,830 [INFO] WebApp:186 - Connection restablished
2024-10-09 21:26:09,851 [ERROR] LogOutputStream:75 - [STDERR_REDIRECT] 
2024-10-09 21:26:09,854 [ERROR] LogOutputStream:75 - [STDERR_REDIRECT] 
